PONUMBER    PORELEASE POTYPE POVENDOR   PODATE                  POBUYER              POCANBY              PODIVISION POSHIP                  POTAXABLE POCANCELED              POSERVICE POSHIPTO                                                                                                                                                                                                                                                        POBCONTACT           POREQBY              POSTERMS POFOB        PONETDAYS   PODDAYS     PODISCOUNT                              POCONFIRM POPROXDT    POPROXDUE   POCREATE                POREVDT                 POREVBY POAUTOAPINV POPRINTED               POREMARKS                                                                                                                                                                                                                                                        POCAN POSPARE1         POVIA
----------- --------- ------ ---------- ----------------------- -------------------- -------------------- ---------- ----------------------- --------- ----------------------- --------- --------------------------------------------------------------------------------------------------------------------------------------------------------------------------------------------------------------------------------------------------------------- -------------------- -------------------- -------- ------------ ----------- ----------- --------------------------------------- --------- ----------- ----------- ----------------------- ----------------------- ------- ----------- ----------------------- ---------------------------------------------------------------------------------------------------------------------------------------------------------------------------------------------------------------------------------------------------------------- ----- ---------------- ------------------------
0           0                BOE        2015-01-30 00:00:00                          RSJ                             2015-05-07 00:00:00     0         2015-05-08 06:55:00     0         IMAGINETICS LLC
3410 A STREET SE
AUBURN, WA   98002

                                                                                                                                                                                                       BREANNE DUBUQUE                                    DESTINATION  45          0           0.00                                    0         0           0           2015-01-30 08:15:00     2015-01-30 08:15:00             0           2016-11-08 00:00:00                                                                                                                                                                                                                                                                      1                      
1           0                PACMET     2018-11-02 00:00:00                                                          NULL                    0         NULL                    1         IMAGINETICS LLC
3410 A STREET SE
AUBURN, WA   98002

                                                                                                                                                                                                       KRISTY HORBOCK                                     OUR TRUCK    30          0           0.00                                    0         0           0           2018-11-02 11:11:00     2018-11-02 11:11:00             0           NULL                                                                                                                                                                                                                                                                                     0                      
2           0                ARTBRA2    2015-06-09 00:00:00                          JMH                             2015-06-09 00:00:00     0         2015-06-09 12:38:00     1         IMAGINETICS LLC
3410 A STREET SE
AUBURN, WA   98002

                                                                                                                                                                                                                                                                       30          10          1.00                                    0         0           0           2015-06-09 12:30:00     2015-06-09 12:30:00             0           2015-06-09 00:00:00                                                                                                                                                                                                                                                                      1                      
3           0                PACMETA    2015-06-09 00:00:00                          JOS                             2015-06-09 00:00:00     0         2015-06-09 12:34:00     1         IMAGINETICS LLC
3410 A STREET SE
AUBURN, WA   98002

                                                                                                                                                                                                       DAVID                JEREMY                        OUR TRUCK    30          0           0.00                                    0         0           0           2015-06-09 12:32:00     2015-06-09 12:32:00             0           NULL                                                                                                                                                                                                                                                                                     1                      
4           0                PACMET     2018-11-02 00:00:00                                                          NULL                    0         NULL                    1         IMAGINETICS LLC
3410 A STREET SE
AUBURN, WA   98002

                                                                                                                                                                                                       KRISTY HORBOCK                                     OUR TRUCK    30          0           0.00                                    0         0           0           2018-11-02 11:11:00     2018-11-02 11:11:00             0           NULL                                                                                                                                                                                                                                                                                     0                      
5           0                SPEMAN     2018-11-02 00:00:00                          DDS                             2018-11-30 00:00:00     0         2018-11-02 11:15:00     1         IMAGINETICS LLC
3410 A STREET SE
AUBURN, WA   98002

                                                                                                                                                                                                                                                                       30          0           0.00                                    0         0           0           2018-11-02 11:12:00     2018-11-02 11:12:00             0           NULL                                                                                                                                                                                                                                                                                     1                      
6           0                PROTEC     2018-11-02 00:00:00                          RWB                             2018-11-02 00:00:00     0         2018-11-02 11:23:00     1         IMAGINETICS LLC
3410 A STREET SE
AUBURN, WA   98002

                                                                                                                                                                                                       STEPHANIE  HELTON                                  DESTINATION  30          0           0.00                                    0         0           0           2018-11-02 11:15:00     2018-11-02 11:15:00             0           NULL                                                                                                                                                                                                                                                                                     1                      
7           0                PROTEC     2018-11-08 00:00:00                          RWB                             2018-11-08 00:00:00     0         2018-11-08 11:04:00     1         IMAGINETICS LLC
3410 A STREET SE
AUBURN, WA   98002

                                                                                                                                                                                                       STEPHANIE  HELTON                                  DESTINATION  30          0           0.00                                    0         0           0           2018-11-08 10:54:00     2018-11-08 10:54:00             0           NULL                                                                                                                                                                                                                                                                                     1                      
8           0                PROTEC     2018-11-08 00:00:00     TOBY BAKER           RWB                             NULL                    0         2018-11-08 11:06:00     1         IMAGINETICS LLC
3410 A STREET SE
AUBURN, WA   98002

                                                                                                                                                                                                       STEPHANIE  HELTON                                  DESTINATION  30          0           0.00                                    0         0           0           2018-11-08 11:05:00     2018-11-08 11:05:00             0           NULL                                                                                                                                                                                                                                                                                     1                      
9           0                PROTEC     2018-11-08 00:00:00                          RWB                             2018-11-08 00:00:00     0         2018-11-15 14:27:00     1         IMAGINETICS LLC
3410 A STREET SE
AUBURN, WA   98002

                                                                                                                                                                                                       STEPHANIE  HELTON                                  DESTINATION  30          0           0.00                                    0         0           0           2018-11-08 11:27:00     2018-11-08 11:27:00             0           NULL                                                                                                                                                                                                                                                                                     1                      
10          0                ARTBRA2    2018-11-15 00:00:00                          RWB                             2018-11-15 00:00:00     0         2018-11-15 14:20:00     1         IMAGINETICS LLC
3410 A STREET SE
AUBURN, WA   98002

                                                                                                                                                                                                       LARRY CHOTE                                                     30          10          1.00                                    0         0           0           2018-11-15 14:18:00     2018-11-15 14:18:00             0           NULL                                                                                                                                                                                                                                                                                     1                      
11          0                PYROTEK    2019-07-25 00:00:00     RAINEEHOUGARDY                                       2019-08-01 00:00:00     0         NULL                    1         IMAGINETICS LLC
3410 A STREET SE
AUBURN, WA   98002

                                                                                                                                                                                                       JIM MATHERSON                                                   45          0           0.00                                    0         0           0           2019-07-25 07:26:00     2019-07-25 07:26:00             0           2019-09-06 00:00:00                                                                                                                                                                                                                                                                      0                      
12          0                INFMAC     2019-07-25 00:00:00     ALEXPEDERSON                                         2019-07-25 00:00:00     0         NULL                    1         IMAGINETICS LLC
3410 A STREET SE
AUBURN, WA   98002

                                                                                                                                                                                                       Alex                                                            30          0           0.00                                    0         0           0           2019-07-25 07:26:00     2019-07-25 07:26:00             0           NULL                                                                                                                                                                                                                                                                                     0                      
13          0                PYROTEK    2019-07-25 00:00:00     RAINEEHOUGARDY                                       2019-08-01 00:00:00     0         NULL                    1         IMAGINETICS LLC
3410 A STREET SE
AUBURN, WA   98002

                                                                                                                                                                                                       JIM MATHERSON                                                   45          0           0.00                                    0         0           0           2019-07-25 07:34:00     2019-07-25 07:34:00             0           NULL                                                                                                                                                                                                                                                                                     0                      
165         0                PYROTEK    2019-05-21 00:00:00     RAINEEHOUGARDY                                       2019-05-28 00:00:00     0         NULL                    1         IMAGINETICS LLC
3410 A STREET SE
AUBURN, WA   98002

                                                                                                                                                                                                       JIM MATHERSON                                                   45          0           0.00                                    0         0           0           2019-05-21 07:10:00     2019-05-21 07:10:00             0           2019-05-21 00:00:00                                                                                                                                                                                                                                                                      0                      
18310       0                PYROTEK    2016-05-18 00:00:00                          DDS                             2016-05-18 00:00:00     0         2016-05-18 07:22:00     1         IMAGINETICS LLC
3410 A STREET SE
AUBURN, WA   98002

                                                                                                                                                                                                       JIM MATHERSON                                                   30          0           0.00                                    0         0           0           2016-05-18 07:15:00     2016-05-18 07:15:00             0           NULL                                                                                                                                                                                                                                                                                     1                      
18608       0                PYROTEK    2016-10-17 00:00:00     CRAIG RUSSELL                                        NULL                    0         NULL                    1         IMAGINETICS LLC
3410 A STREET SE
AUBURN, WA   98002

                                                                                                                                                                                                       JIM MATHERSON                                                   30          0           0.00                                    0         0           0           2016-10-17 07:16:00     2016-10-17 07:16:00             0           NULL                                                                                                                                                                                                                                                                                     0                      
19954       0                ARTBRA2    2017-02-27 00:00:00                          RSJ                             2017-03-02 00:00:00     0         2017-02-27 08:29:00     1         IMAGINETICS LLC
3410 A STREET SE
AUBURN, WA   98002

                                                                                                                                                                                                       Teresa McMillan      CATHY OLSON                                30          10          1.00                                    0         0           0           2017-02-27 08:10:00     2017-02-27 08:10:00             0           2017-02-27 00:00:00                                                                                                                                                                                                                                                                      1                      
19956       0                PYROTEK    2017-02-27 00:00:00                          DDS                             2017-03-06 00:00:00     0         2017-02-27 08:35:00     1         IMAGINETICS LLC
3410 A STREET SE
AUBURN, WA   98002

                                                                                                                                                                                                       JIM MATHERSON                                                   30          0           0.00                                    0         0           0           2017-02-27 08:10:00     2017-02-27 08:10:00             0           NULL                                                                                                                                                                                                                                                                                     1                      
19957       0                SPELAB     2017-02-27 00:00:00     ROXANNLOTTES         RSJ                             2017-02-27 00:00:00     1         2017-02-27 08:31:00     0         IMAGINETICS LLC
3410 A STREET SE
AUBURN, WA   98002

                                                                                                                                                                                                                            ROXANN LOTTES                              30          0           0.00                                    0         0           0           2017-02-27 08:10:00     2017-02-27 08:10:00             0           NULL                                                                                                                                                                                                                                                                                     1                      
19958       0                PYROTEK    2017-02-27 00:00:00                          DDS                             2017-03-06 00:00:00     0         2017-02-27 08:43:00     1         IMAGINETICS LLC
3410 A STREET SE
AUBURN, WA   98002

                                                                                                                                                                                                       JIM MATHERSON                                                   30          0           0.00                                    0         0           0           2017-02-27 08:11:00     2017-02-27 08:11:00             0           NULL                                                                                                                                                                                                                                                                                     1                      
19959       0                PYROTEK    2017-02-27 00:00:00                          DDS                             2017-03-06 00:00:00     0         2017-02-27 08:49:00     1         IMAGINETICS LLC
3410 A STREET SE
AUBURN, WA   98002

                                                                                                                                                                                                       JIM MATHERSON                                                   30          0           0.00                                    0         0           0           2017-02-27 08:13:00     2017-02-27 08:13:00             0           NULL                                                                                                                                                                                                                                                                                     1                      
19960       0                BOE        2017-02-27 00:00:00     ROXANN LOTTES        JRT                             NULL                    0         2017-02-27 08:22:00     0         IMAGINETICS LLC
3410 A STREET SE
AUBURN, WA   98002

                                                                                                                                                                                                       BETTY COPPIN                                       DESTINATION  45          0           0.00                                    0         0           0           2017-02-27 08:14:00     2017-02-27 08:14:00             0           NULL                                                                                                                                                                                                                                                                                     1                      
21938       0                AERMAC     2018-11-18 00:00:00                          RWB                             2018-11-18 00:00:00     0         2018-11-18 09:35:00     1         IMAGINETICS LLC
3410 A STREET SE
AUBURN, WA   98002

                                                                                                                                                                                                       ELIZABETH TUCKER                                                30          0           0.00                                    0         0           0           2018-11-18 09:31:00     2018-11-18 09:31:00             0           NULL                                                                                                                                                                                                                                                                                     1                      
21939       0                AERMAC     2018-11-18 00:00:00     TOBY BAKER                                           NULL                    0         NULL                    1         IMAGINETICS LLC
3410 A STREET SE
AUBURN, WA   98002

                                                                                                                                                                                                       ELIZABETH TUCKER                                                30          0           0.00                                    0         0           0           2018-11-18 09:36:00     2018-11-18 09:36:00             0           NULL                                                                                                                                                                                                                                                                                     0                      
86855       0         HW     WESCO      2011-05-18 00:00:00                                               AE         2014-01-03 00:00:00     0         NULL                    0         IMAGINETICS INC.
3410 A STREET SE
AUBURN, WA   98002
TEL: (253) 735-0156
FAX: (253) 735-0938
                                                                                                                                                              SHELLEY WHITCOMB     MRP                           U.P.S.       45          0           0.00                                    0         0           0           2011-05-18 00:00:00     2014-08-07 00:00:00             0           2014-12-30 00:00:00     IMAGINETICS INC. SUPPLIER QUALITY
REQUIREMENTS:
QR 1,QR 2,QR 3,QR 5,QR 6,QR 7,QR 8,QR 10
QR 12,QR 13,QR 15,QR 21,QR 32,
APPLY TO THIS PURCHASE ORDER.
.
QR4 APPLIES IF SUPPLIER LISTED ON P.O.
IS THE MANUFACTURER OF THE ITEM.
.
QR31 APPLIES TO BOEIN 0                      
87641       0         HW     WESCO      2011-06-06 00:00:00                                               AE         2014-01-03 00:00:00     0         NULL                    0         IMAGINETICS INC.
3410 A STREET SE
AUBURN, WA   98002
TEL: (253) 735-0156
FAX: (253) 735-0938
                                                                                                                                                              SHELLEY WHITCOMB     MRP                           U.P.S.       45          0           0.00                                    0         0           0           2011-06-06 00:00:00     2014-06-30 00:00:00             0           2014-12-10 00:00:00     IMAGINETICS INC. SUPPLIER QUALITY
REQUIREMENTS:
QR 1,QR 2,QR 3,QR 5,QR 6,QR 7,QR 8,QR 10
QR 12,QR 13,QR 15,QR 21,QR 32,
APPLY TO THIS PURCHASE ORDER.
.
QR4 APPLIES IF SUPPLIER LISTED ON P.O.
IS THE MANUFACTURER OF THE ITEM.
.
QR31 APPLIES TO BOEIN 0                      
89223       0         HW     WESCO      2011-07-12 00:00:00                                               AE         2014-01-03 00:00:00     0         NULL                    0         IMAGINETICS INC.
3410 A STREET SE
AUBURN, WA   98002
TEL: (253) 735-0156
FAX: (253) 735-0938
                                                                                                                                                              SHELLEY WHITCOMB     MRP                           U.P.S.       45          0           0.00                                    0         0           0           2011-07-12 00:00:00     2014-06-30 00:00:00             0           NULL                    IMAGINETICS INC. SUPPLIER QUALITY
REQUIREMENTS:
QR 1,QR 2,QR 3,QR 5,QR 6,QR 7,QR 8,QR 10
QR 12,QR 13,QR 15,QR 21,QR 32,
APPLY TO THIS PURCHASE ORDER.
.
QR4 APPLIES IF SUPPLIER LISTED ON P.O.
IS THE MANUFACTURER OF THE ITEM.
.
QR31 APPLIES TO BOEIN 0                      
89227       0         HW     WESCO      2011-07-12 00:00:00                                               AE         2015-01-02 00:00:00     0         NULL                    0         IMAGINETICS INC.
3410 A STREET SE
AUBURN, WA   98002
TEL: (253) 735-0156
FAX: (253) 735-0938
                                                                                                                                                              SHELLEY WHITCOMB     MRP                           U.P.S.       45          0           0.00                                    0         0           0           2011-07-12 00:00:00     2014-07-18 00:00:00             0           2015-12-01 00:00:00     IMAGINETICS INC. SUPPLIER QUALITY
REQUIREMENTS:
QR 1,QR 2,QR 3,QR 5,QR 6,QR 7,QR 8,QR 10
QR 12,QR 13,QR 15,QR 21,QR 32,
APPLY TO THIS PURCHASE ORDER.
.
QR4 APPLIES IF SUPPLIER LISTED ON P.O.
IS THE MANUFACTURER OF THE ITEM.
.
QR31 APPLIES TO BOEIN 0                      
97923       0         HW     AMEROT     2012-02-01 00:00:00                                               AE         2012-08-31 00:00:00     0         NULL                    0         IMAGINETICS INC.
3410 A STREET SE
AUBURN, WA   98002
TEL: (253) 735-0156
FAX: (253) 735-0938
                                                                                                                                                                                   MRP                           SHIPPER      30          0           0.00                                    0         0           0           2012-02-01 00:00:00     2014-08-04 00:00:00             0           NULL                    IMAGINETICS INC. SUPPLIER QUALITY
REQUIREMENTS:
QR 1,QR 2,QR 3,QR 5,QR 6,QR 7,QR 8,QR 10
QR 12,QR 13,QR 15,QR 21,QR 32,
APPLY TO THIS PURCHASE ORDER.
.
QR4 APPLIES IF SUPPLIER LISTED ON P.O.
IS THE MANUFACTURER OF THE ITEM.
.
QR31 APPLIES TO BOEIN 0                      
97924       0         HW     AMEROT     2012-02-01 00:00:00                                               AE         2012-08-31 00:00:00     0         NULL                    0         IMAGINETICS INC.
3410 A STREET SE
AUBURN, WA   98002
TEL: (253) 735-0156
FAX: (253) 735-0938
                                                                                                                                                                                   MRP                           SHIPPER      30          0           0.00                                    0         0           0           2012-02-01 00:00:00     2014-07-14 00:00:00             0           NULL                    IMAGINETICS INC. SUPPLIER QUALITY
REQUIREMENTS:
QR 1,QR 2,QR 3,QR 5,QR 6,QR 7,QR 8,QR 10
QR 12,QR 13,QR 15,QR 21,QR 32,
APPLY TO THIS PURCHASE ORDER.
.
QR4 APPLIES IF SUPPLIER LISTED ON P.O.
IS THE MANUFACTURER OF THE ITEM.
.
QR31 APPLIES TO BOEIN 0                      
97930       0         HW     AERENT     2012-02-01 00:00:00                                               AE         2012-08-17 00:00:00     0         NULL                    0         IMAGINETICS INC.
3410 A STREET SE
AUBURN, WA   98002
TEL: (253) 735-0156
FAX: (253) 735-0938
                                                                                                                                                              WALTER HERNANDEZ     MRP                           U.P.S.       30          0           0.00                                    0         0           0           2012-02-01 00:00:00     2014-08-08 00:00:00             0           NULL                    IMAGINETICS INC. SUPPLIER QUALITY
REQUIREMENTS:
QR 1,QR 2,QR 3,QR 5,QR 6,QR 7,QR 8,QR 10
QR 12,QR 13,QR 15,QR 21,QR 32,
APPLY TO THIS PURCHASE ORDER.
.
QR4 APPLIES IF SUPPLIER LISTED ON P.O.
IS THE MANUFACTURER OF THE ITEM.
.
QR31 APPLIES TO BOEIN 0                      
97956       0         HW     HONASC     2014-11-13 00:00:00                                                          2014-11-13 00:00:00     0         NULL                    0         IMAGINETICS LLC
3410 A STREET SE
AUBURN, WA   98002

                                                                                                                                                                                                       LISA CAPOBIANCO      QA                                         30          0           0.00                                    0         0           0           2014-11-13 08:14:00     2014-11-13 08:14:00             0           2014-12-29 00:00:00     ========================================
IMAGINETICS INC. SUPPLIER QUALITY
REQUIREMENTS:
QR 1,QR 2,QR 3,QR 5,QR 6,QR 7,QR 8,QR 10
QR 12,QR 13,QR 15,QR 21,QR 32,33,34
APPLY TO THIS PURCHASE ORDER.
.
QR4 APPLIES IF SUPPLIER LISTED ON P.O.
IS THE MANU 0                      
97957       0                PANAME     2014-11-13 00:00:00                                                          NULL                    0         NULL                    0         IMAGINETICS LLC
3410 A STREET SE
AUBURN, WA   98002

                                                                                                                                                                                                                                                                       30          0           0.00                                    0         0           0           2014-11-13 08:23:00     2014-11-13 08:23:00             0           NULL                                                                                                                                                                                                                                                                                     0                      
97958       0                MAGNET     2014-11-13 00:00:00                                                          2014-11-13 00:00:00     0         NULL                    1         IMAGINETICS LLC
3410 A STREET SE
AUBURN, WA   98002

                                                                                                                                                                                                       FRANK                JEREMY                        THEIR TRUCK  30          0           0.00                                    0         0           0           2014-11-13 08:32:00     2014-11-13 08:32:00             0           2014-11-13 00:00:00                                                                                                                                                                                                                                                                      0                      
101920      0         HW     ALIAER     2012-04-24 00:00:00                                               AE         2013-03-08 00:00:00     0         NULL                    0         IMAGINETICS INC.
3410 A STREET SE
AUBURN, WA   98002
TEL: (253) 735-0156
FAX: (253) 735-0938
                                                                                                                                                                                   MRP                           SHIPPER      30          0           0.00                                    0         0           0           2012-04-24 00:00:00     2014-06-30 00:00:00             0           2014-10-10 00:00:00     IMAGINETICS INC. SUPPLIER QUALITY
REQUIREMENTS:
QR 1,QR 2,QR 3,QR 5,QR 6,QR 7,QR 8,QR 10
QR 12,QR 13,QR 15,QR 21,QR 32,
APPLY TO THIS PURCHASE ORDER.
.
QR4 APPLIES IF SUPPLIER LISTED ON P.O.
IS THE MANUFACTURER OF THE ITEM.
.
QR31 APPLIES TO BOEIN 0                      
103070      0         HW     ALIAER     2012-05-15 00:00:00                                               AE         2013-04-05 00:00:00     0         NULL                    0         IMAGINETICS INC.
3410 A STREET SE
AUBURN, WA   98002
TEL: (253) 735-0156
FAX: (253) 735-0938
                                                                                                                                                                                   MRP                           SHIPPER      30          0           0.00                                    0         0           0           2012-05-15 00:00:00     2014-06-30 00:00:00             0           2015-03-31 00:00:00     IMAGINETICS INC. SUPPLIER QUALITY
REQUIREMENTS:
QR 1,QR 2,QR 3,QR 5,QR 6,QR 7,QR 8,QR 10
QR 12,QR 13,QR 15,QR 21,QR 32,
APPLY TO THIS PURCHASE ORDER.
.
QR4 APPLIES IF SUPPLIER LISTED ON P.O.
IS THE MANUFACTURER OF THE ITEM.
.
QR31 APPLIES TO BOEIN 0                      
103452      0         HW     ADEFAS     2012-05-23 00:00:00                                               AE         2013-07-05 00:00:00     0         NULL                    0         IMAGINETICS INC.
3410 A STREET SE
AUBURN, WA   98002
TEL: (253) 735-0156
FAX: (253) 735-0938
                                                                                                                                                                                   MRP                           SHIPPER      30          0           0.00                                    0         0           0           2012-05-23 00:00:00     2014-08-12 00:00:00             0           2015-01-07 00:00:00     IMAGINETICS INC. SUPPLIER QUALITY
REQUIREMENTS:
QR 1,QR 2,QR 3,QR 5,QR 6,QR 7,QR 8,QR 10
QR 12,QR 13,QR 15,QR 21,QR 32,
APPLY TO THIS PURCHASE ORDER.
.
QR4 APPLIES IF SUPPLIER LISTED ON P.O.
IS THE MANUFACTURER OF THE ITEM.
.
QR31 APPLIES TO BOEIN 0                      
103559      0         HW     ALIAER     2012-05-24 00:00:00                                               AE         2013-01-04 00:00:00     0         NULL                    0         IMAGINETICS INC.
3410 A STREET SE
AUBURN, WA   98002
TEL: (253) 735-0156
FAX: (253) 735-0938
                                                                                                                                                                                   MRP                           SHIPPER      30          0           0.00                                    0         0           0           2012-05-24 00:00:00     2014-07-24 00:00:00             0           2014-10-03 00:00:00     IMAGINETICS INC. SUPPLIER QUALITY
REQUIREMENTS:
QR 1,QR 2,QR 3,QR 5,QR 6,QR 7,QR 8,QR 10
QR 12,QR 13,QR 15,QR 21,QR 32,
APPLY TO THIS PURCHASE ORDER.
.
QR4 APPLIES IF SUPPLIER LISTED ON P.O.
IS THE MANUFACTURER OF THE ITEM.
.
QR31 APPLIES TO BOEIN 0                      
104683      0         HW     KANCOI     2012-06-18 00:00:00                                               AE         2013-04-05 00:00:00     0         NULL                    0         IMAGINETICS INC.
3410 A STREET SE
AUBURN, WA   98002
TEL: (253) 735-0156
FAX: (253) 735-0938
                                                                                                                                                              GARY                 MRP                           U.P.S.       30          0           0.00                                    0         0           0           2012-06-18 00:00:00     2014-06-30 00:00:00             0           NULL                    IMAGINETICS INC. SUPPLIER QUALITY
REQUIREMENTS:
QR 1,QR 2,QR 3,QR 5,QR 6,QR 7,QR 8,QR 10
QR 12,QR 13,QR 15,QR 21,QR 32,
APPLY TO THIS PURCHASE ORDER.
.
QR4 APPLIES IF SUPPLIER LISTED ON P.O.
IS THE MANUFACTURER OF THE ITEM.
.
QR31 APPLIES TO BOEIN 0                      
104684      0         HW     KANCOI     2012-06-18 00:00:00                                               AE         2013-04-05 00:00:00     0         NULL                    0         IMAGINETICS INC.
3410 A STREET SE
AUBURN, WA   98002
TEL: (253) 735-0156
FAX: (253) 735-0938
                                                                                                                                                              GARY                 MRP                           U.P.S.       30          0           0.00                                    0         0           0           2012-06-18 00:00:00     2014-06-30 00:00:00             0           NULL                    IMAGINETICS INC. SUPPLIER QUALITY
REQUIREMENTS:
QR 1,QR 2,QR 3,QR 5,QR 6,QR 7,QR 8,QR 10
QR 12,QR 13,QR 15,QR 21,QR 32,
APPLY TO THIS PURCHASE ORDER.
.
QR4 APPLIES IF SUPPLIER LISTED ON P.O.
IS THE MANUFACTURER OF THE ITEM.
.
QR31 APPLIES TO BOEIN 0                      
106080      0         HW     WESCO      2012-07-19 00:00:00                                               AE         2013-10-04 00:00:00     0         NULL                    0         IMAGINETICS INC.
3410 A STREET SE
AUBURN, WA   98002
TEL: (253) 735-0156
FAX: (253) 735-0938
                                                                                                                                                              SHELLEY WHITCOMB     MRP                           U.P.S.       45          0           0.00                                    0         0           0           2012-07-19 00:00:00     2014-06-30 00:00:00             0           NULL                    IMAGINETICS INC. SUPPLIER QUALITY
REQUIREMENTS:
QR 1,QR 2,QR 3,QR 5,QR 6,QR 7,QR 8,QR 10
QR 12,QR 13,QR 15,QR 21,
APPLY TO THIS PURCHASE ORDER.
++++++++++++++++++++++++++++++++++++++++++
QR4 APPLIES IF SUPPLIER LISTED ON P.O.
IS THE MANUFACTURER OF  0                      
106817      0         HW     WESCO      2012-08-03 00:00:00                                               AE         2013-07-05 00:00:00     0         NULL                    0         IMAGINETICS INC.
3410 A STREET SE
AUBURN, WA   98002
TEL: (253) 735-0156
FAX: (253) 735-0938
                                                                                                                                                              SHELLEY WHITCOMB     MRP                           U.P.S.       45          0           0.00                                    0         0           0           2012-08-03 00:00:00     2014-06-30 00:00:00             0           2014-10-01 00:00:00     IMAGINETICS INC. SUPPLIER QUALITY
REQUIREMENTS:
QR 1,QR 2,QR 3,QR 5,QR 6,QR 7,QR 8,QR 10
QR 12,QR 13,QR 15,QR 21,
APPLY TO THIS PURCHASE ORDER.
++++++++++++++++++++++++++++++++++++++++++
QR4 APPLIES IF SUPPLIER LISTED ON P.O.
IS THE MANUFACTURER OF  0                      
108390      0         HW     HERNPRO    2012-09-10 00:00:00                                               AE         2012-10-05 00:00:00     0         NULL                    0         IMAGINETICS INC.
3410 A STREET SE
AUBURN, WA   98002
TEL: (253) 735-0156
FAX: (253) 735-0938
                                                                                                                                                              RAYMOND              MRP                           Will Call    30          0           0.00                                    0         0           0           2012-09-10 00:00:00     2014-08-06 00:00:00             0           2015-10-14 00:00:00     IMAGINETICS INC. SUPPLIER QUALITY
REQUIREMENTS:
QR 1,QR 2,QR 3,QR 5,QR 6,QR 7,QR 8,QR 10
QR 12,QR 13,QR 15,QR 21,
APPLY TO THIS PURCHASE ORDER.
++++++++++++++++++++++++++++++++++++++++++
QR4 APPLIES IF SUPPLIER LISTED ON P.O.
IS THE MANUFACTURER OF  0                      
108418      0         HW     ADEFAS     2012-09-10 00:00:00                                               AE         2013-03-15 00:00:00     0         NULL                    0         IMAGINETICS INC.
3410 A STREET SE
AUBURN, WA   98002
TEL: (253) 735-0156
FAX: (253) 735-0938
                                                                                                                                                                                   MRP                           SHIPPER      30          0           0.00                                    0         0           0           2012-09-10 00:00:00     2014-06-30 00:00:00             0           2015-11-04 00:00:00     IMAGINETICS INC. SUPPLIER QUALITY
REQUIREMENTS:
QR 1,QR 2,QR 3,QR 5,QR 6,QR 7,QR 8,QR 10
QR 12,QR 13,QR 15,QR 21,
APPLY TO THIS PURCHASE ORDER.
++++++++++++++++++++++++++++++++++++++++++
QR4 APPLIES IF SUPPLIER LISTED ON P.O.
IS THE MANUFACTURER OF  0                      
109952      0         HW     WESCO      2012-10-11 00:00:00                                               AE         2014-02-14 00:00:00     0         NULL                    0         IMAGINETICS INC.
3410 A STREET SE
AUBURN, WA   98002
TEL: (253) 735-0156
FAX: (253) 735-0938
                                                                                                                                                              SHELLEY WHITCOMB     MRP                           U.P.S.       30          0           0.00                                    0         0           0           2012-10-11 00:00:00     2014-07-24 00:00:00             0           2015-05-08 00:00:00     IMAGINETICS INC. SUPPLIER QUALITY
REQUIREMENTS:
QR 1,QR 2,QR 3,QR 5,QR 6,QR 7,QR 8,QR 10
QR 12,QR 13,QR 15,QR 21,
APPLY TO THIS PURCHASE ORDER.
++++++++++++++++++++++++++++++++++++++++++
QR4 APPLIES IF SUPPLIER LISTED ON P.O.
IS THE MANUFACTURER OF  0                      
110468      0         HW     HERNPRO    2012-10-22 00:00:00                                               AE         2013-01-11 00:00:00     0         NULL                    0         IMAGINETICS INC.
3410 A STREET SE
AUBURN, WA   98002
TEL: (253) 735-0156
FAX: (253) 735-0938
                                                                                                                                                              RAYMOND              MRP                           Will Call    30          0           0.00                                    0         0           0           2012-10-22 00:00:00     2014-06-30 00:00:00             0           NULL                    IMAGINETICS INC. SUPPLIER QUALITY
REQUIREMENTS:
QR 1,QR 2,QR 3,QR 5,QR 6,QR 7,QR 8,QR 10
QR 12,QR 13,QR 15,QR 21,
APPLY TO THIS PURCHASE ORDER.
++++++++++++++++++++++++++++++++++++++++++
QR4 APPLIES IF SUPPLIER LISTED ON P.O.
IS THE MANUFACTURER OF  0                      
110514      0         HW     ALIAER     2012-10-23 00:00:00                                               AE         2013-08-09 00:00:00     0         NULL                    0         IMAGINETICS INC.
3410 A STREET SE
AUBURN, WA   98002
TEL: (253) 735-0156
FAX: (253) 735-0938
                                                                                                                                                                                   MRP                           SHIPPER      30          0           0.00                                    0         0           0           2012-10-23 00:00:00     2014-07-01 00:00:00             0           2014-10-24 00:00:00     IMAGINETICS INC. SUPPLIER QUALITY
REQUIREMENTS:
QR 1,QR 2,QR 3,QR 5,QR 6,QR 7,QR 8,QR 10
QR 12,QR 13,QR 15,QR 21,
APPLY TO THIS PURCHASE ORDER.
++++++++++++++++++++++++++++++++++++++++++
QR4 APPLIES IF SUPPLIER LISTED ON P.O.
IS THE MANUFACTURER OF  0                      
110517      0         HW     ALIAER     2012-10-23 00:00:00                                               AE         2013-04-11 00:00:00     0         NULL                    0         IMAGINETICS INC.
3410 A STREET SE
AUBURN, WA   98002
TEL: (253) 735-0156
FAX: (253) 735-0938
                                                                                                                                                                                   MRP                           SHIPPER      30          0           0.00                                    0         0           0           2012-10-23 00:00:00     2014-07-28 00:00:00             0           2014-12-05 00:00:00     IMAGINETICS INC. SUPPLIER QUALITY
REQUIREMENTS:
QR 1,QR 2,QR 3,QR 5,QR 6,QR 7,QR 8,QR 10
QR 12,QR 13,QR 15,QR 21,
APPLY TO THIS PURCHASE ORDER.
++++++++++++++++++++++++++++++++++++++++++
QR4 APPLIES IF SUPPLIER LISTED ON P.O.
IS THE MANUFACTURER OF  0                      
111019      0         HW     ALIAER     2012-11-02 00:00:00                                               AE         2012-11-16 00:00:00     0         NULL                    0         IMAGINETICS INC.
3410 A STREET SE
AUBURN, WA   98002
TEL: (253) 735-0156
FAX: (253) 735-0938
                                                                                                                                                                                   MRP                           SHIPPER      30          0           0.00                                    0         0           0           2012-11-02 00:00:00     2014-06-30 00:00:00             0           2014-10-17 00:00:00     IMAGINETICS INC. SUPPLIER QUALITY
REQUIREMENTS:
QR 1,QR 2,QR 3,QR 5,QR 6,QR 7,QR 8,QR 10
QR 12,QR 13,QR 15,QR 21,
APPLY TO THIS PURCHASE ORDER.
++++++++++++++++++++++++++++++++++++++++++
QR4 APPLIES IF SUPPLIER LISTED ON P.O.
IS THE MANUFACTURER OF  0                      
111072      0         HW     WESCO      2012-11-02 00:00:00                                               AE         2013-03-15 00:00:00     0         NULL                    0         IMAGINETICS INC.
3410 A STREET SE
AUBURN, WA   98002
TEL: (253) 735-0156
FAX: (253) 735-0938
                                                                                                                                                              SHELLEY WHITCOMB     MRP                           U.P.S.       30          0           0.00                                    0         0           0           2012-11-02 00:00:00     2014-06-30 00:00:00             0           2014-08-27 00:00:00     IMAGINETICS INC. SUPPLIER QUALITY
REQUIREMENTS:
QR 1,QR 2,QR 3,QR 5,QR 6,QR 7,QR 8,QR 10
QR 12,QR 13,QR 15,QR 21,
APPLY TO THIS PURCHASE ORDER.
++++++++++++++++++++++++++++++++++++++++++
QR4 APPLIES IF SUPPLIER LISTED ON P.O.
IS THE MANUFACTURER OF  0                      
111645      0         HW     HERNPRO    2012-11-14 00:00:00                                               AE         2014-03-07 00:00:00     0         NULL                    0         IMAGINETICS INC.
3410 A STREET SE
AUBURN, WA   98002
TEL: (253) 735-0156
FAX: (253) 735-0938
                                                                                                                                                              RAYMOND              MRP                           Will Call    30          0           0.00                                    0         0           0           2012-11-14 00:00:00     2014-06-30 00:00:00             0           2014-11-04 00:00:00     IMAGINETICS INC. SUPPLIER QUALITY
REQUIREMENTS:
QR 1,QR 2,QR 3,QR 5,QR 6,QR 7,QR 8,QR 10
QR 12,QR 13,QR 15,QR 21,
APPLY TO THIS PURCHASE ORDER.
++++++++++++++++++++++++++++++++++++++++++
QR4 APPLIES IF SUPPLIER LISTED ON P.O.
IS THE MANUFACTURER OF  0                      
111654      0         M      LAMSHI     2012-11-14 00:00:00                                               AE         2014-07-18 00:00:00     0         NULL                    0         IMAGINETICS INC.
3410 A STREET SE
AUBURN, WA   98002
TEL: (253) 735-0156
FAX: (253) 735-0938
                                                                                                                                                              TRACI HALLMARK       MRP                           U.P.S.       30          0           0.00                                    0         0           0           2012-11-14 00:00:00     2014-06-30 00:00:00             0           NULL                    IMAGINETICS INC. SUPPLIER QUALITY
REQUIREMENTS:
QR 1,QR 2,QR 3,QR 5,QR 6,QR 7,QR 8,QR 10
QR 12,QR 13,QR 15,QR 21,
APPLY TO THIS PURCHASE ORDER.
++++++++++++++++++++++++++++++++++++++++++
QR4 APPLIES IF SUPPLIER LISTED ON P.O.
IS THE MANUFACTURER OF  0                      
111890      0         HW     WESCO      2012-11-19 00:00:00                                               AE         2014-02-07 00:00:00     0         NULL                    0         IMAGINETICS INC.
3410 A STREET SE
AUBURN, WA   98002
TEL: (253) 735-0156
FAX: (253) 735-0938
                                                                                                                                                              SHELLEY WHITCOMB     MRP                           U.P.S.       30          0           0.00                                    0         0           0           2012-11-19 00:00:00     2014-06-30 00:00:00             0           2014-11-20 00:00:00     IMAGINETICS INC. SUPPLIER QUALITY
REQUIREMENTS:
QR 1,QR 2,QR 3,QR 5,QR 6,QR 7,QR 8,QR 10
QR 12,QR 13,QR 15,QR 21,
APPLY TO THIS PURCHASE ORDER.
++++++++++++++++++++++++++++++++++++++++++
QR4 APPLIES IF SUPPLIER LISTED ON P.O.
IS THE MANUFACTURER OF  0                      
112072      0         M      FUTURE     2012-11-26 00:00:00                                               AE         2015-01-15 00:00:00     0         NULL                    0         IMAGINETICS INC.
3410 A STREET SE
AUBURN, WA   98002
TEL: (253) 735-0156
FAX: (253) 735-0938
                                                                                                                                                              TY MITCHELL                                        ORGIN        30          10          0.00                                    0         0           0           2012-11-26 00:00:00     2014-06-30 00:00:00             0           2015-07-29 00:00:00     IMAGINETICS INC. SUPPLIER QUALITY
REQUIREMENTS:
QR 1,QR 2,QR 3,QR 5,QR 6,QR 7,QR 8,QR 10
QR 12,QR 13,QR 15,QR 21,
APPLY TO THIS PURCHASE ORDER.
++++++++++++++++++++++++++++++++++++++++++
QR4 APPLIES IF SUPPLIER LISTED ON P.O.
IS THE MANUFACTURER OF  0                      WC
112816      0         M      BOE        2012-12-11 00:00:00                                               AE         2014-08-11 00:00:00     0         NULL                    0         IMAGINETICS INC.
3410 A STREET SE
AUBURN, WA   98002
TEL: (253) 735-0156
FAX: (253) 735-0938
                                                                                                                                                              AIMEE SCHOOLEY                                     DESTINATION  45          0           0.00                                    0         0           0           2012-12-11 00:00:00     2014-08-13 00:00:00             0           NULL                    REQUIREMENTS:
QR 1,QR 2,QR 3,QR 5,QR 6,QR 7,QR 8,QR 10
QR 12,QR 13,QR 15,QR 21 APPLY TO THIS PURCHASE ORDER.
+++++++++++++++++++++++++++++++++++++++++++++++++++++++++++++++++++++++++++++++
THE INCOTERMS 2000 FOR ALL ORDERS FROM BUYER WILL BE FREE ON BO 0                      BW
113000      0         HW     HERNPRO    2012-12-14 00:00:00                                               AE         2014-06-06 00:00:00     0         NULL                    0         IMAGINETICS INC.
3410 A STREET SE
AUBURN, WA   98002
TEL: (253) 735-0156
FAX: (253) 735-0938
                                                                                                                                                              RAYMOND              MRP                           Will Call    30          0           0.00                                    0         0           0           2012-12-14 00:00:00     2014-08-11 00:00:00             0           2014-10-07 00:00:00     IMAGINETICS INC. SUPPLIER QUALITY
REQUIREMENTS:
QR 1,QR 2,QR 3,QR 5,QR 6,QR 7,QR 8,QR 10
QR 12,QR 13,QR 15,QR 21,
APPLY TO THIS PURCHASE ORDER.
++++++++++++++++++++++++++++++++++++++++++
QR4 APPLIES IF SUPPLIER LISTED ON P.O.
IS THE MANUFACTURER OF  0                      
113469      0         HW     GMNAME     2012-12-26 00:00:00                                               AE         2014-04-04 00:00:00     0         NULL                    0         IMAGINETICS INC.
3410 A STREET SE
AUBURN, WA   98002
TEL: (253) 735-0156
FAX: (253) 735-0938
                                                                                                                                                              JEFF                 MRP                           Will Call    0           0           0.00                                    0         0           0           2012-12-26 00:00:00     2014-06-30 00:00:00             0           2014-09-13 00:00:00     IMAGINETICS INC. SUPPLIER QUALITY
REQUIREMENTS:
QR 1,QR 2,QR 3,QR 5,QR 6,QR 7,QR 8,QR 10
QR 12,QR 13,QR 15,QR 21,
APPLY TO THIS PURCHASE ORDER.
++++++++++++++++++++++++++++++++++++++++++
QR4 APPLIES IF SUPPLIER LISTED ON P.O.
IS THE MANUFACTURER OF  0                      
113730      0         M      FUTURE     2013-01-03 00:00:00                                               AE         2013-11-04 00:00:00     0         NULL                    0         IMAGINETICS LLC
3410 A STREET SE
AUBURN, WA   98002
TEL: (253) 735-0156
FAX: (253) 735-0938
                                                                                                                                                               TY MITCHELL                                        ORGIN        30          10          0.00                                    0         0           0           2013-01-03 00:00:00     2014-07-14 00:00:00             0           2015-08-03 00:00:00     IMAGINETICS INC. SUPPLIER QUALITY
REQUIREMENTS:
QR 1,QR 2,QR 3,QR 5,QR 6,QR 7,QR 8,QR 10
QR 12,QR 13,QR 15,QR 21,
APPLY TO THIS PURCHASE ORDER.
++++++++++++++++++++++++++++++++++++++++++
QR4 APPLIES IF SUPPLIER LISTED ON P.O.
IS THE MANUFACTURER OF  0                      WC
113816      0         HT     PYROTEK    2013-01-07 00:00:00                                               AE         NULL                    0         NULL                    1         IMAGINETICS LLC
3410 A STREET SE
AUBURN, WA   98002
TEL: (253) 735-0156
FAX: (253) 735-0938
                                                                                                                                                                                                                  SHIPPER      30          0           0.00                                    0         0           0           2013-01-07 00:00:00     2013-01-25 00:00:00             0           NULL                                                                                                                                                                                                                                                                                     0                      
114312      0         M      BOE        2013-01-16 00:00:00                                               AE         2014-07-14 00:00:00     0         NULL                    0         IMAGINETICS LLC
3410 A STREET SE
AUBURN, WA   98002
TEL: (253) 735-0156
FAX: (253) 735-0938
                                                                                                                                                               AIMEE SCHOOLEY                                     DESTINATION  45          0           0.00                                    0         0           0           2013-01-16 00:00:00     2014-07-01 00:00:00             0           NULL                    REQUIREMENTS:
QR 1,QR 2,QR 3,QR 5,QR 6,QR 7,QR 8,QR 10
QR 12,QR 13,QR 15,QR 21 APPLY TO THIS PURCHASE ORDER.
+++++++++++++++++++++++++++++++++++++++++++++++++++++++++++++++++++++++++++++++
THE INCOTERMS 2000 FOR ALL ORDERS FROM BUYER WILL BE FREE ON BO 0                      BW
114591      0         HW     ADEFAS     2013-01-21 00:00:00                                               AE         2014-03-07 00:00:00     0         NULL                    0         IMAGINETICS LLC
3410 A STREET SE
AUBURN, WA   98002
TEL: (253) 735-0156
FAX: (253) 735-0938
                                                                                                                                                                                    MRP                           SHIPPER      30          0           0.00                                    0         0           0           2013-01-21 00:00:00     2014-06-30 00:00:00             0           2014-08-18 00:00:00     IMAGINETICS INC. SUPPLIER QUALITY
REQUIREMENTS:
QR 1,QR 2,QR 3,QR 5,QR 6,QR 7,QR 8,QR 10
QR 12,QR 13,QR 15,QR 21,
APPLY TO THIS PURCHASE ORDER.
++++++++++++++++++++++++++++++++++++++++++
QR4 APPLIES IF SUPPLIER LISTED ON P.O.
IS THE MANUFACTURER OF  0                      
114682      0         HW     ADEFAS     2013-01-22 00:00:00                                               AE         2013-05-03 00:00:00     0         NULL                    0         IMAGINETICS LLC
3410 A STREET SE
AUBURN, WA   98002
TEL: (253) 735-0156
FAX: (253) 735-0938
                                                                                                                                                                                    MRP                           SHIPPER      30          0           0.00                                    0         0           0           2013-01-22 00:00:00     2014-07-29 00:00:00             0           2014-10-17 00:00:00     IMAGINETICS INC. SUPPLIER QUALITY
REQUIREMENTS:
QR 1,QR 2,QR 3,QR 5,QR 6,QR 7,QR 8,QR 10
QR 12,QR 13,QR 15,QR 21,
APPLY TO THIS PURCHASE ORDER.
++++++++++++++++++++++++++++++++++++++++++
QR4 APPLIES IF SUPPLIER LISTED ON P.O.
IS THE MANUFACTURER OF  0                      
114941      0         HT     PYROTEK    2013-01-28 00:00:00                                               AE         2015-09-28 00:00:00     0         NULL                    1         IMAGINETICS LLC
3410 A STREET SE
AUBURN, WA   98002
TEL: (253) 735-0156
FAX: (253) 735-0938
                                                                                                                                                                                                                  SHIPPER      30          0           0.00                                    0         0           0           2013-01-28 00:00:00     2013-02-04 00:00:00             0           NULL                                                                                                                                                                                                                                                                                     0                      
114963      0         M      BOE        2013-01-28 00:00:00                                               AE         2013-05-06 00:00:00     0         NULL                    0         IMAGINETICS LLC
3410 A STREET SE
AUBURN, WA   98002
TEL: (253) 735-0156
FAX: (253) 735-0938
                                                                                                                                                               AIMEE SCHOOLEY                                     DESTINATION  45          0           0.00                                    0         0           0           2013-01-28 00:00:00     2014-07-01 00:00:00             0           2014-12-03 00:00:00     REQUIREMENTS:
QR 1,QR 2,QR 3,QR 5,QR 6,QR 7,QR 8,QR 10
QR 12,QR 13,QR 15,QR 21 APPLY TO THIS PURCHASE ORDER.
+++++++++++++++++++++++++++++++++++++++++++++++++++++++++++++++++++++++++++++++
THE INCOTERMS 2000 FOR ALL ORDERS FROM BUYER WILL BE FREE ON BO 0                      BW
114974      0         M      BOE        2013-01-28 00:00:00                                               AE         2013-04-08 00:00:00     0         NULL                    0         IMAGINETICS LLC
3410 A STREET SE
AUBURN, WA   98002
TEL: (253) 735-0156
FAX: (253) 735-0938
                                                                                                                                                               AIMEE SCHOOLEY                                     DESTINATION  45          0           0.00                                    0         0           0           2013-01-28 00:00:00     2014-07-01 00:00:00             0           NULL                    REQUIREMENTS:
QR 1,QR 2,QR 3,QR 5,QR 6,QR 7,QR 8,QR 10
QR 12,QR 13,QR 15,QR 21 APPLY TO THIS PURCHASE ORDER.
+++++++++++++++++++++++++++++++++++++++++++++++++++++++++++++++++++++++++++++++
THE INCOTERMS 2000 FOR ALL ORDERS FROM BUYER WILL BE FREE ON BO 0                      BW
114982      0         M      BOE        2013-01-28 00:00:00                                               AE         2014-07-18 00:00:00     0         NULL                    0         IMAGINETICS LLC
3410 A STREET SE
AUBURN, WA   98002
TEL: (253) 735-0156
FAX: (253) 735-0938
                                                                                                                                                               AIMEE SCHOOLEY                                     DESTINATION  45          0           0.00                                    0         0           0           2013-01-28 00:00:00     2014-07-01 00:00:00             0           NULL                    REQUIREMENTS:
QR 1,QR 2,QR 3,QR 5,QR 6,QR 7,QR 8,QR 10
QR 12,QR 13,QR 15,QR 21 APPLY TO THIS PURCHASE ORDER.
+++++++++++++++++++++++++++++++++++++++++++++++++++++++++++++++++++++++++++++++
THE INCOTERMS 2000 FOR ALL ORDERS FROM BUYER WILL BE FREE ON BO 0                      BW
115136      0         HT     PYROTEK    2013-01-31 00:00:00                                               AE         NULL                    0         NULL                    1         IMAGINETICS LLC
3410 A STREET SE
AUBURN, WA   98002
TEL: (253) 735-0156
FAX: (253) 735-0938
                                                                                                                                                                                                                  SHIPPER      30          0           0.00                                    0         0           0           2013-01-31 00:00:00     2013-02-11 00:00:00             0           NULL                                                                                                                                                                                                                                                                                     0                      
115172      0         HW     HERNPRO    2013-01-31 00:00:00                                               AE         2013-06-28 00:00:00     0         NULL                    0         IMAGINETICS LLC
3410 A STREET SE
AUBURN, WA   98002
TEL: (253) 735-0156
FAX: (253) 735-0938
                                                                                                                                                               RAYMOND              MRP                           Will Call    30          0           0.00                                    0         0           0           2013-01-31 00:00:00     2014-07-29 00:00:00             0           2014-12-09 00:00:00     IMAGINETICS INC. SUPPLIER QUALITY
REQUIREMENTS:
QR 1,QR 2,QR 3,QR 5,QR 6,QR 7,QR 8,QR 10
QR 12,QR 13,QR 15,QR 21,
APPLY TO THIS PURCHASE ORDER.
++++++++++++++++++++++++++++++++++++++++++
QR4 APPLIES IF SUPPLIER LISTED ON P.O.
IS THE MANUFACTURER OF  0                      
115176      0         HW     ADEFAS     2013-01-31 00:00:00                                               AE         2013-03-15 00:00:00     0         NULL                    0         IMAGINETICS LLC
3410 A STREET SE
AUBURN, WA   98002
TEL: (253) 735-0156
FAX: (253) 735-0938
                                                                                                                                                                                    MRP                           SHIPPER      30          0           0.00                                    0         0           0           2013-01-31 00:00:00     2014-07-17 00:00:00             0           2015-01-07 00:00:00     IMAGINETICS INC. SUPPLIER QUALITY
REQUIREMENTS:
QR 1,QR 2,QR 3,QR 5,QR 6,QR 7,QR 8,QR 10
QR 12,QR 13,QR 15,QR 21,
APPLY TO THIS PURCHASE ORDER.
++++++++++++++++++++++++++++++++++++++++++
QR4 APPLIES IF SUPPLIER LISTED ON P.O.
IS THE MANUFACTURER OF  0                      
115195      0         M      LAMSCO     2013-01-31 00:00:00                                               AE         2014-03-14 00:00:00     0         NULL                    0         IMAGINETICS LLC
3410 A STREET SE
AUBURN, WA   98002
TEL: (253) 735-0156
FAX: (253) 735-0938
                                                                                                                                                                                    MRP                           U.P.S.       30          0           0.00                                    0         0           0           2013-01-31 00:00:00     2014-06-30 00:00:00             0           2014-08-27 00:00:00     IMAGINETICS INC. SUPPLIER QUALITY
REQUIREMENTS:
QR 1,QR 2,QR 3,QR 5,QR 6,QR 7,QR 8,QR 10
QR 12,QR 13,QR 15,QR 21,
APPLY TO THIS PURCHASE ORDER.
++++++++++++++++++++++++++++++++++++++++++
QR4 APPLIES IF SUPPLIER LISTED ON P.O.
IS THE MANUFACTURER OF  0                      
115196      0         HW     KLXAER     2013-01-31 00:00:00                                               AE         2013-06-28 00:00:00     0         NULL                    0         IMAGINETICS LLC
3410 A STREET SE
AUBURN, WA   98002
TEL: (253) 735-0156
FAX: (253) 735-0938
                                                                                                                                                               LAURA REBOLLO        MRP                           SHIPPER      30          10          0.00                                    0         0           0           2013-01-31 00:00:00     2014-06-30 00:00:00             0           2014-11-04 00:00:00     IMAGINETICS INC. SUPPLIER QUALITY
REQUIREMENTS:
QR 1,QR 2,QR 3,QR 5,QR 6,QR 7,QR 8,QR 10
QR 12,QR 13,QR 15,QR 21,
APPLY TO THIS PURCHASE ORDER.
++++++++++++++++++++++++++++++++++++++++++
QR4 APPLIES IF SUPPLIER LISTED ON P.O.
IS THE MANUFACTURER OF  0                      
115747      0         HW     KLXAER     2013-02-13 00:00:00                                               AE         2013-08-09 00:00:00     0         NULL                    0         IMAGINETICS LLC
3410 A STREET SE
AUBURN, WA   98002
TEL: (253) 735-0156
FAX: (253) 735-0938
                                                                                                                                                               LAURA REBOLLO        MRP                           SHIPPER      30          10          0.00                                    0         0           0           2013-02-13 00:00:00     2014-07-24 00:00:00             0           NULL                    IMAGINETICS INC. SUPPLIER QUALITY
REQUIREMENTS:
QR 1,QR 2,QR 3,QR 5,QR 6,QR 7,QR 8,QR 10
QR 12,QR 13,QR 15,QR 21,
APPLY TO THIS PURCHASE ORDER.
++++++++++++++++++++++++++++++++++++++++++
QR4 APPLIES IF SUPPLIER LISTED ON P.O.
IS THE MANUFACTURER OF  0                      
116136      0         HW     ADEFAS     2013-02-22 00:00:00                                               AE         2013-09-13 00:00:00     0         NULL                    0         IMAGINETICS LLC
3410 A STREET SE
AUBURN, WA   98002
TEL: (253) 735-0156
FAX: (253) 735-0938
                                                                                                                                                                                    MRP                           SHIPPER      30          0           0.00                                    0         0           0           2013-02-22 00:00:00     2014-06-30 00:00:00             0           2014-11-13 00:00:00     IMAGINETICS INC. SUPPLIER QUALITY
REQUIREMENTS:
QR 1,QR 2,QR 3,QR 5,QR 6,QR 7,QR 8,QR 10
QR 12,QR 13,QR 15,QR 21,
APPLY TO THIS PURCHASE ORDER.
++++++++++++++++++++++++++++++++++++++++++
QR4 APPLIES IF SUPPLIER LISTED ON P.O.
IS THE MANUFACTURER OF  0                      
116823      0                PHOMAN     2021-09-23 00:00:00     RAINEEHOUGARDY       ROH                             2021-10-22 00:00:00     0         2021-09-24 15:27:00     1         IMAGINETICS LLC
3410 A STREET SE
AUBURN, WA   98002

                                                                                                                                                                                                       GEORGE ANEX                                                     30          0           0.00                                    0         0           0           2021-09-23 11:01:00     2021-09-23 11:01:00             0           2021-09-23 00:00:00                                                                                                                                                                                                                                                                      1                      
116824      0                AERMAC     2021-09-23 00:00:00     SARAH LYON                                           NULL                    0         NULL                    0         IMAGINETICS LLC
3410 A STREET SE
AUBURN, WA   98002

                                                                                                                                                                                                       ELIZABETH TUCKER                                                30          0           0.00                                    0         0           0           2021-09-23 11:02:00     2021-09-23 11:02:00             0           NULL                                                                                                                                                                                                                                                                                     0                      
118166      0         HW     ALIAER     2013-04-08 00:00:00                                               AE         2014-02-14 00:00:00     0         NULL                    0         IMAGINETICS LLC
3410 A STREET SE
AUBURN, WA   98002
TEL: (253) 735-0156
FAX: (253) 735-0938
                                                                                                                                                               CECILIA SAUCIER      MRP                           SHIPPER      30          0           0.00                                    0         0           0           2013-04-08 00:00:00     2014-06-30 00:00:00             0           2014-09-08 00:00:00     IMAGINETICS INC. SUPPLIER QUALITY
REQUIREMENTS:
QR 1,QR 2,QR 3,QR 5,QR 6,QR 7,QR 8,QR 10
QR 12,QR 13,QR 15,QR 21,
APPLY TO THIS PURCHASE ORDER.
++++++++++++++++++++++++++++++++++++++++++
QR4 APPLIES IF SUPPLIER LISTED ON P.O.
IS THE MANUFACTURER OF  0                      
118260      0         HW     HERNPRO    2013-04-09 00:00:00                                               AE         2013-07-19 00:00:00     0         NULL                    0         IMAGINETICS LLC
3410 A STREET SE
AUBURN, WA   98002
TEL: (253) 735-0156
FAX: (253) 735-0938
                                                                                                                                                               RAYMOND              MRP                           Will Call    30          0           0.00                                    0         0           0           2013-04-09 00:00:00     2014-06-30 00:00:00             0           2014-10-07 00:00:00     IMAGINETICS INC. SUPPLIER QUALITY
REQUIREMENTS:
QR 1,QR 2,QR 3,QR 5,QR 6,QR 7,QR 8,QR 10
QR 12,QR 13,QR 15,QR 21,
APPLY TO THIS PURCHASE ORDER.
++++++++++++++++++++++++++++++++++++++++++
QR4 APPLIES IF SUPPLIER LISTED ON P.O.
IS THE MANUFACTURER OF  0                      
118579      0         HW     ADEFAS     2013-04-16 00:00:00                                               AE         2013-09-06 00:00:00     0         NULL                    0         IMAGINETICS LLC
3410 A STREET SE
AUBURN, WA   98002
TEL: (253) 735-0156
FAX: (253) 735-0938
                                                                                                                                                                                    MRP                           SHIPPER      30          0           0.00                                    0         0           0           2013-04-16 00:00:00     2014-08-07 00:00:00             0           2014-09-08 00:00:00     IMAGINETICS INC. SUPPLIER QUALITY
REQUIREMENTS:
QR 1,QR 2,QR 3,QR 5,QR 6,QR 7,QR 8,QR 10
QR 12,QR 13,QR 15,QR 21,
APPLY TO THIS PURCHASE ORDER.
++++++++++++++++++++++++++++++++++++++++++
QR4 APPLIES IF SUPPLIER LISTED ON P.O.
IS THE MANUFACTURER OF  0                      
118607      0         HW     BISIND     2013-04-17 00:00:00                                               AE         2013-06-07 00:00:00     0         NULL                    0         IMAGINETICS LLC
3410 A STREET SE
AUBURN, WA   98002
TEL: (253) 735-0156
FAX: (253) 735-0938
                                                                                                                                                               MARK                 MRP                           U.P.S.       30          0           0.00                                    0         0           0           2013-04-17 00:00:00     2014-08-14 00:00:00             0           2014-11-25 00:00:00     IMAGINETICS INC. SUPPLIER QUALITY
REQUIREMENTS:
QR 1,QR 2,QR 3,QR 5,QR 6,QR 7,QR 8,QR 10
QR 12,QR 13,QR 15,QR 21,
APPLY TO THIS PURCHASE ORDER.
++++++++++++++++++++++++++++++++++++++++++
QR4 APPLIES IF SUPPLIER LISTED ON P.O.
IS THE MANUFACTURER OF  0                      
118608      0         HW     ADEFAS     2013-04-17 00:00:00                                               AE         2013-08-02 00:00:00     0         NULL                    0         IMAGINETICS LLC
3410 A STREET SE
AUBURN, WA   98002
TEL: (253) 735-0156
FAX: (253) 735-0938
                                                                                                                                                                                    MRP                           SHIPPER      30          0           0.00                                    0         0           0           2013-04-17 00:00:00     2014-06-30 00:00:00             0           2014-12-08 00:00:00     IMAGINETICS INC. SUPPLIER QUALITY
REQUIREMENTS:
QR 1,QR 2,QR 3,QR 5,QR 6,QR 7,QR 8,QR 10
QR 12,QR 13,QR 15,QR 21,
APPLY TO THIS PURCHASE ORDER.
++++++++++++++++++++++++++++++++++++++++++
QR4 APPLIES IF SUPPLIER LISTED ON P.O.
IS THE MANUFACTURER OF  0                      
119162      0         M      INTEPL     2013-04-26 00:00:00                                               AE         2013-07-19 00:00:00     0         NULL                    0         IMAGINETICS LLC
3410 A STREET SE
AUBURN, WA   98002
TEL: (253) 735-0156
FAX: (253) 735-0938
                                                                                                                                                               JUAN RIBAS                                         ORGIN        30          0           0.00                                    0         0           0           2013-04-26 00:00:00     2014-07-22 00:00:00             0           2015-01-07 00:00:00     IMAGINETICS INC. SUPPLIER QUALITY
REQUIREMENTS:
QR 1,QR 2,QR 3,QR 5,QR 6,QR 7,QR 8,QR 10
QR 12,QR 13,QR 15,QR 21,
APPLY TO THIS PURCHASE ORDER.
++++++++++++++++++++++++++++++++++++++++++
QR4 APPLIES IF SUPPLIER LISTED ON P.O.
IS THE MANUFACTURER OF  0                      WC
119263      0         M      BOE        2013-04-30 00:00:00                                               AE         2014-08-07 00:00:00     0         NULL                    0         IMAGINETICS LLC
3410 A STREET SE
AUBURN, WA   98002
TEL: (253) 735-0156
FAX: (253) 735-0938
                                                                                                                                                               AIMEE SCHOOLEY                                     DESTINATION  45          0           0.00                                    0         0           0           2013-04-30 00:00:00     2014-07-01 00:00:00             0           NULL                    REQUIREMENTS:
QR 1,QR 2,QR 3,QR 5,QR 6,QR 7,QR 8,QR 10
QR 12,QR 13,QR 15,QR 21 APPLY TO THIS PURCHASE ORDER.
+++++++++++++++++++++++++++++++++++++++++++++++++++++++++++++++++++++++++++++++
THE INCOTERMS 2000 FOR ALL ORDERS FROM BUYER WILL BE FREE ON BO 0                      BW
119800      0         HW     ADEFAS     2013-05-10 00:00:00                                               AE         2014-08-01 00:00:00     0         NULL                    0         IMAGINETICS LLC
3410 A STREET SE
AUBURN, WA   98002
TEL: (253) 735-0156
FAX: (253) 735-0938
                                                                                                                                                                                    MRP                           SHIPPER      30          0           0.00                                    0         0           0           2013-05-10 00:00:00     2014-08-06 00:00:00             0           2015-08-08 00:00:00     IMAGINETICS INC. SUPPLIER QUALITY
REQUIREMENTS:
QR 1,QR 2,QR 3,QR 5,QR 6,QR 7,QR 8,QR 10
QR 12,QR 13,QR 15,QR 21,
APPLY TO THIS PURCHASE ORDER.
++++++++++++++++++++++++++++++++++++++++++
QR4 APPLIES IF SUPPLIER LISTED ON P.O.
IS THE MANUFACTURER OF  0                      
119816      0         HW     DANNCORP   2013-05-10 00:00:00                                               AE         2013-07-12 00:00:00     0         NULL                    0         IMAGINETICS LLC
3410 A STREET SE
AUBURN, WA   98002
TEL: (253) 735-0156
FAX: (253) 735-0938
                                                                                                                                                                                    MRP                           SHIPPER      30          0           0.00                                    0         0           0           2013-05-10 00:00:00     2014-07-30 00:00:00             0           NULL                    IMAGINETICS INC. SUPPLIER QUALITY
REQUIREMENTS:
QR 1,QR 2,QR 3,QR 5,QR 6,QR 7,QR 8,QR 10
QR 12,QR 13,QR 15,QR 21,
APPLY TO THIS PURCHASE ORDER.
++++++++++++++++++++++++++++++++++++++++++
QR4 APPLIES IF SUPPLIER LISTED ON P.O.
IS THE MANUFACTURER OF  0                      
119818      0         HW     DANNCORP   2013-05-10 00:00:00                                               AE         2013-07-12 00:00:00     0         NULL                    0         IMAGINETICS LLC
3410 A STREET SE
AUBURN, WA   98002
TEL: (253) 735-0156
FAX: (253) 735-0938
                                                                                                                                                                                    MRP                           SHIPPER      30          0           0.00                                    0         0           0           2013-05-10 00:00:00     2014-06-30 00:00:00             0           2014-09-19 00:00:00     IMAGINETICS INC. SUPPLIER QUALITY
REQUIREMENTS:
QR 1,QR 2,QR 3,QR 5,QR 6,QR 7,QR 8,QR 10
QR 12,QR 13,QR 15,QR 21,
APPLY TO THIS PURCHASE ORDER.
++++++++++++++++++++++++++++++++++++++++++
QR4 APPLIES IF SUPPLIER LISTED ON P.O.
IS THE MANUFACTURER OF  0                      
119832      0         HW     KLXAER     2013-05-10 00:00:00                                               AE         2013-11-01 00:00:00     0         NULL                    0         IMAGINETICS LLC
3410 A STREET SE
AUBURN, WA   98002
TEL: (253) 735-0156
FAX: (253) 735-0938
                                                                                                                                                               LAURA REBOLLO        MRP                           SHIPPER      30          10          0.00                                    0         0           0           2013-05-10 00:00:00     2014-08-07 00:00:00             0           2014-10-07 00:00:00     IMAGINETICS INC. SUPPLIER QUALITY
REQUIREMENTS:
QR 1,QR 2,QR 3,QR 5,QR 6,QR 7,QR 8,QR 10
QR 12,QR 13,QR 15,QR 21,
APPLY TO THIS PURCHASE ORDER.
++++++++++++++++++++++++++++++++++++++++++
QR4 APPLIES IF SUPPLIER LISTED ON P.O.
IS THE MANUFACTURER OF  0                      
119854      0         HW     ALIAER     2013-05-11 00:00:00                                               AE         2013-08-02 00:00:00     0         NULL                    0         IMAGINETICS LLC
3410 A STREET SE
AUBURN, WA   98002
TEL: (253) 735-0156
FAX: (253) 735-0938
                                                                                                                                                               CECILIA SAUCIER      MRP                           SHIPPER      30          0           0.00                                    0         0           0           2013-05-11 00:00:00     2014-08-13 00:00:00             0           2014-11-25 00:00:00     IMAGINETICS INC. SUPPLIER QUALITY
REQUIREMENTS:
QR 1,QR 2,QR 3,QR 5,QR 6,QR 7,QR 8,QR 10
QR 12,QR 13,QR 15,QR 21,
APPLY TO THIS PURCHASE ORDER.
++++++++++++++++++++++++++++++++++++++++++
QR4 APPLIES IF SUPPLIER LISTED ON P.O.
IS THE MANUFACTURER OF  0                      
119855      0         HW     KLXAER     2013-05-11 00:00:00                                               AE         2014-07-11 00:00:00     0         NULL                    0         IMAGINETICS LLC
3410 A STREET SE
AUBURN, WA   98002
TEL: (253) 735-0156
FAX: (253) 735-0938
                                                                                                                                                               LAURA REBOLLO        MRP                           SHIPPER      30          10          0.00                                    0         0           0           2013-05-11 00:00:00     2014-08-13 00:00:00             0           2014-08-28 00:00:00     IMAGINETICS INC. SUPPLIER QUALITY
REQUIREMENTS:
QR 1,QR 2,QR 3,QR 5,QR 6,QR 7,QR 8,QR 10
QR 12,QR 13,QR 15,QR 21,
APPLY TO THIS PURCHASE ORDER.
++++++++++++++++++++++++++++++++++++++++++
QR4 APPLIES IF SUPPLIER LISTED ON P.O.
IS THE MANUFACTURER OF  0                      
119859      0         HW     DIRAER     2013-05-11 00:00:00                                               AE         2013-05-17 00:00:00     0         NULL                    0         IMAGINETICS LLC
3410 A STREET SE
AUBURN, WA   98002
TEL: (253) 735-0156
FAX: (253) 735-0938
                                                                                                                                                                                    MRP/PAT                       SHIPPER      30          0           0.00                                    0         0           0           2013-05-11 00:00:00     2014-08-11 00:00:00             0           2014-10-22 00:00:00     IMAGINETICS INC. SUPPLIER QUALITY
REQUIREMENTS:
QR 1,QR 2,QR 3,QR 5,QR 6,QR 7,QR 8,QR 10
QR 12,QR 13,QR 15,QR 21,
APPLY TO THIS PURCHASE ORDER.
++++++++++++++++++++++++++++++++++++++++++
QR4 APPLIES IF SUPPLIER LISTED ON P.O.
IS THE MANUFACTURER OF  0                      
119860      0         HW     DIRAER     2013-05-11 00:00:00                                               AE         2013-05-17 00:00:00     0         NULL                    0         IMAGINETICS LLC
3410 A STREET SE
AUBURN, WA   98002
TEL: (253) 735-0156
FAX: (253) 735-0938
                                                                                                                                                                                    MRP                           SHIPPER      30          0           0.00                                    0         0           0           2013-05-11 00:00:00     2014-07-29 00:00:00             0           2015-11-03 00:00:00     IMAGINETICS INC. SUPPLIER QUALITY
REQUIREMENTS:
QR 1,QR 2,QR 3,QR 5,QR 6,QR 7,QR 8,QR 10
QR 12,QR 13,QR 15,QR 21,
APPLY TO THIS PURCHASE ORDER.
++++++++++++++++++++++++++++++++++++++++++
QR4 APPLIES IF SUPPLIER LISTED ON P.O.
IS THE MANUFACTURER OF  0                      
119861      0         HW     ADEFAS     2013-05-11 00:00:00                                               AE         2013-05-17 00:00:00     0         NULL                    0         IMAGINETICS LLC
3410 A STREET SE
AUBURN, WA   98002
TEL: (253) 735-0156
FAX: (253) 735-0938
                                                                                                                                                                                    MRP                           SHIPPER      30          0           0.00                                    0         0           0           2013-05-11 00:00:00     2014-08-05 00:00:00             0           2014-11-11 00:00:00     IMAGINETICS INC. SUPPLIER QUALITY
REQUIREMENTS:
QR 1,QR 2,QR 3,QR 5,QR 6,QR 7,QR 8,QR 10
QR 12,QR 13,QR 15,QR 21,
APPLY TO THIS PURCHASE ORDER.
++++++++++++++++++++++++++++++++++++++++++
QR4 APPLIES IF SUPPLIER LISTED ON P.O.
IS THE MANUFACTURER OF  0                      
120442      0         HW     KLXAER     2013-05-23 00:00:00                                               AE         2013-06-28 00:00:00     0         NULL                    0         IMAGINETICS LLC
3410 A STREET SE
AUBURN, WA   98002
TEL: (253) 735-0156
FAX: (253) 735-0938
                                                                                                                                                               LAURA REBOLLO        MRP                           SHIPPER      30          10          0.00                                    0         0           0           2013-05-23 00:00:00     2014-06-30 00:00:00             0           2014-09-26 00:00:00     IMAGINETICS INC. SUPPLIER QUALITY
REQUIREMENTS:
QR 1,QR 2,QR 3,QR 5,QR 6,QR 7,QR 8,QR 10
QR 12,QR 13,QR 15,QR 21,
APPLY TO THIS PURCHASE ORDER.
++++++++++++++++++++++++++++++++++++++++++
QR4 APPLIES IF SUPPLIER LISTED ON P.O.
IS THE MANUFACTURER OF  0                      
120455      0         HW     ADEFAS     2013-05-23 00:00:00                                               AE         2014-03-07 00:00:00     0         NULL                    0         IMAGINETICS LLC
3410 A STREET SE
AUBURN, WA   98002
TEL: (253) 735-0156
FAX: (253) 735-0938
                                                                                                                                                                                    MRP                           SHIPPER      30          0           0.00                                    0         0           0           2013-05-23 00:00:00     2014-06-30 00:00:00             0           2014-11-07 00:00:00     IMAGINETICS INC. SUPPLIER QUALITY
REQUIREMENTS:
QR 1,QR 2,QR 3,QR 5,QR 6,QR 7,QR 8,QR 10
QR 12,QR 13,QR 15,QR 21,
APPLY TO THIS PURCHASE ORDER.
++++++++++++++++++++++++++++++++++++++++++
QR4 APPLIES IF SUPPLIER LISTED ON P.O.
IS THE MANUFACTURER OF  0                      
120893      0         HW     AVCIND     2013-06-04 00:00:00                                               AE         2013-12-06 00:00:00     0         NULL                    0         IMAGINETICS LLC
3410 A STREET SE
AUBURN, WA   98002
TEL: (253) 735-0156
FAX: (253) 735-0938
                                                                                                                                                                                    MRP                           SHIPPER      30          0           0.00                                    0         0           0           2013-06-04 00:00:00     2014-07-02 00:00:00             0           NULL                    IMAGINETICS INC. SUPPLIER QUALITY
REQUIREMENTS:
QR 1,QR 2,QR 3,QR 5,QR 6,QR 7,QR 8,QR 10
QR 12,QR 13,QR 15,QR 21,
APPLY TO THIS PURCHASE ORDER.
++++++++++++++++++++++++++++++++++++++++++
QR4 APPLIES IF SUPPLIER LISTED ON P.O.
IS THE MANUFACTURER OF  0                      UP
121311      0         HW     A.D.S      2013-06-12 00:00:00                                               AE         2014-03-07 00:00:00     0         NULL                    0         IMAGINETICS LLC
3410 A STREET SE
AUBURN, WA   98002
TEL: (253) 735-0156
FAX: (253) 735-0938
                                                                                                                                                               JACK                 MRP                           UPS GROUND   30          0           0.00                                    0         0           0           2013-06-12 00:00:00     2014-08-11 00:00:00             0           2014-11-11 00:00:00     IMAGINETICS INC. SUPPLIER QUALITY
REQUIREMENTS:
QR 1,QR 2,QR 3,QR 5,QR 6,QR 7,QR 8,QR 10
QR 12,QR 13,QR 15,QR 21,
APPLY TO THIS PURCHASE ORDER.
++++++++++++++++++++++++++++++++++++++++++
QR4 APPLIES IF SUPPLIER LISTED ON P.O.
IS THE MANUFACTURER OF  0                      
121337      0         HW     ALIAER     2013-06-12 00:00:00                                               AE         2014-03-07 00:00:00     0         NULL                    0         IMAGINETICS LLC
3410 A STREET SE
AUBURN, WA   98002
TEL: (253) 735-0156
FAX: (253) 735-0938
                                                                                                                                                               CECILIA SAUCIER      MRP                           SHIPPER      30          0           0.00                                    0         0           0           2013-06-12 00:00:00     2014-07-17 00:00:00             0           2014-11-22 00:00:00     IMAGINETICS INC. SUPPLIER QUALITY
REQUIREMENTS:
QR 1,QR 2,QR 3,QR 5,QR 6,QR 7,QR 8,QR 10
QR 12,QR 13,QR 15,QR 21,
APPLY TO THIS PURCHASE ORDER.
++++++++++++++++++++++++++++++++++++++++++
QR4 APPLIES IF SUPPLIER LISTED ON P.O.
IS THE MANUFACTURER OF  0                      
121484      0         HW     ADEFAS     2013-06-14 00:00:00                                               AE         2013-12-06 00:00:00     0         NULL                    0         IMAGINETICS LLC
3410 A STREET SE
AUBURN, WA   98002
TEL: (253) 735-0156
FAX: (253) 735-0938
                                                                                                                                                                                    MRP                           SHIPPER      30          0           0.00                                    0         0           0           2013-06-14 00:00:00     2014-06-30 00:00:00             0           2014-11-07 00:00:00     IMAGINETICS INC. SUPPLIER QUALITY
REQUIREMENTS:
QR 1,QR 2,QR 3,QR 5,QR 6,QR 7,QR 8,QR 10
QR 12,QR 13,QR 15,QR 21,
APPLY TO THIS PURCHASE ORDER.
++++++++++++++++++++++++++++++++++++++++++
QR4 APPLIES IF SUPPLIER LISTED ON P.O.
IS THE MANUFACTURER OF  0                      
121684      0         HW     SONIND     2013-06-19 00:00:00                                               AE         2013-11-08 00:00:00     0         NULL                    0         IMAGINETICS LLC
3410 A STREET SE
AUBURN, WA   98002
TEL: (253) 735-0156
FAX: (253) 735-0938
                                                                                                                                                                                    MRP                           SHIPPER      30          0           0.00                                    0         0           0           2013-06-19 00:00:00     2014-08-14 00:00:00             0           2014-08-20 00:00:00     IMAGINETICS INC. SUPPLIER QUALITY
REQUIREMENTS:
QR 1,QR 2,QR 3,QR 5,QR 6,QR 7,QR 8,QR 10
QR 12,QR 13,QR 15,QR 21,
APPLY TO THIS PURCHASE ORDER.
++++++++++++++++++++++++++++++++++++++++++
QR4 APPLIES IF SUPPLIER LISTED ON P.O.
IS THE MANUFACTURER OF  0                      UP
121933      0         HW     AMERIN     2013-06-24 00:00:00                                               AE         2013-12-06 00:00:00     0         NULL                    0         IMAGINETICS LLC
3410 A STREET SE
AUBURN, WA   98002
TEL: (253) 735-0156
FAX: (253) 735-0938
                                                                                                                                                                                    MRP                           SHIPPER      30          0           0.00                                    0         0           0           2013-06-24 00:00:00     2014-08-11 00:00:00             0           2014-09-02 00:00:00     IMAGINETICS INC. SUPPLIER QUALITY
REQUIREMENTS:
QR 1,QR 2,QR 3,QR 5,QR 6,QR 7,QR 8,QR 10
QR 12,QR 13,QR 15,QR 21,
APPLY TO THIS PURCHASE ORDER.
++++++++++++++++++++++++++++++++++++++++++
QR4 APPLIES IF SUPPLIER LISTED ON P.O.
IS THE MANUFACTURER OF  0                      UP

(100 rows affected)


Completion time: 2021-12-29T20:20:34.4261290-08:00
